{"name": "test_create_post_missing_title", "status": "skipped", "statusDetails": {"message": "XFAIL Validation not yet implemented\n\nAssertionError: Expected 400 or 422 for missing title\nassert 201 in [400, 422]\n +  where 201 = <Response [201]>.status_code", "trace": "api = <api.posts_api.PostsAPI object at 0x0000024FA47DEB90>\n\n    @pytest.mark.negative_test\n    @pytest.mark.xfail(reason=\"Validation not yet implemented\")\n    def test_create_post_missing_title(api):\n        payload = negative_data[\"missing_title\"]\n        res = api.create_post(payload)\n>       assert res.status_code in [400, 422], \"Expected 400 or 422 for missing title\"\nE       AssertionError: Expected 400 or 422 for missing title\nE       assert 201 in [400, 422]\nE        +  where 201 = <Response [201]>.status_code\n\ntests\\test_posts.py:75: AssertionError"}, "attachments": [{"name": "log", "source": "a4ae4d24-3a01-42f9-94af-4ba2e48f9f3c-attachment.txt", "type": "text/plain"}, {"name": "stderr", "source": "9bf38b93-0834-4eb0-8a65-5741154fd83f-attachment.txt", "type": "text/plain"}], "start": 1751377538962, "stop": 1751377539201, "uuid": "ee3a007c-97ad-467e-ab21-b1130fc26e30", "historyId": "c65523a3f7118a78ae9f6ff6fb7e6925", "testCaseId": "c65523a3f7118a78ae9f6ff6fb7e6925", "fullName": "tests.test_posts#test_create_post_missing_title", "labels": [{"name": "tag", "value": "@pytest.mark.xfail(reason='Validation not yet implemented')"}, {"name": "tag", "value": "negative_test"}, {"name": "parentSuite", "value": "tests"}, {"name": "suite", "value": "test_posts"}, {"name": "host", "value": "DESKTOP-J0TB641"}, {"name": "thread", "value": "6440-MainThread"}, {"name": "framework", "value": "pytest"}, {"name": "language", "value": "cpython3"}, {"name": "package", "value": "tests.test_posts"}]}