{"name": "test_create_post_missing_title", "status": "failed", "statusDetails": {"message": "AssertionError: Expected 400 or 422 for missing title\nassert 201 in [400, 422]\n +  where 201 = <Response [201]>.status_code", "trace": "api = <api.posts_api.PostsAPI object at 0x0000017AC82EEB90>\n\n    @pytest.mark.negative_test\n    #@pytest.mark.xfail(reason=\"Validation not yet implemented\")\n    def test_create_post_missing_title(api):\n        payload = negative_data[\"missing_title\"]\n        res = api.create_post(payload)\n>       assert res.status_code in [400, 422], \"Expected 400 or 422 for missing title\"\nE       AssertionError: Expected 400 or 422 for missing title\nE       assert 201 in [400, 422]\nE        +  where 201 = <Response [201]>.status_code\n\ntests\\test_posts.py:75: AssertionError"}, "attachments": [{"name": "log", "source": "3ba3b49f-b89a-47da-8bdb-c428b4de0d3e-attachment.txt", "type": "text/plain"}, {"name": "stderr", "source": "3d38cd87-84b5-428b-bf35-91cce5f96348-attachment.txt", "type": "text/plain"}], "start": 1751376588295, "stop": 1751376588523, "uuid": "7efbe613-4fb6-414d-8bbc-1b60c8676166", "historyId": "c65523a3f7118a78ae9f6ff6fb7e6925", "testCaseId": "c65523a3f7118a78ae9f6ff6fb7e6925", "fullName": "tests.test_posts#test_create_post_missing_title", "labels": [{"name": "tag", "value": "negative_test"}, {"name": "parentSuite", "value": "tests"}, {"name": "suite", "value": "test_posts"}, {"name": "host", "value": "DESKTOP-J0TB641"}, {"name": "thread", "value": "11676-MainThread"}, {"name": "framework", "value": "pytest"}, {"name": "language", "value": "cpython3"}, {"name": "package", "value": "tests.test_posts"}]}