{"name": "test_create_post_missing_title", "status": "skipped", "statusDetails": {"message": "XFAIL Validation not yet implemented\n\nAssertionError: Expected 400 or 422 for missing title\nassert 201 in [400, 422]\n +  where 201 = <Response [201]>.status_code", "trace": "api = <api.posts_api.PostsAPI object at 0x000001B7E6B7E080>\n\n    @pytest.mark.negative_test\n    @pytest.mark.xfail(reason=\"Validation not yet implemented\")\n    def test_create_post_missing_title(api):\n        payload = negative_data[\"missing_title\"]\n        res = api.create_post(payload)\n>       assert res.status_code in [400, 422], \"Expected 400 or 422 for missing title\"\nE       AssertionError: Expected 400 or 422 for missing title\nE       assert 201 in [400, 422]\nE        +  where 201 = <Response [201]>.status_code\n\ntests\\test_posts.py:76: AssertionError"}, "attachments": [{"name": "log", "source": "5987a186-2303-4f83-8531-bb732928ceed-attachment.txt", "type": "text/plain"}, {"name": "stderr", "source": "e66512f8-e07a-466c-8350-0a8000932619-attachment.txt", "type": "text/plain"}], "start": 1751386232350, "stop": 1751386233001, "uuid": "ee49ab0e-fc3f-4014-9f57-1688dbaf89a5", "historyId": "c65523a3f7118a78ae9f6ff6fb7e6925", "testCaseId": "c65523a3f7118a78ae9f6ff6fb7e6925", "fullName": "tests.test_posts#test_create_post_missing_title", "labels": [{"name": "tag", "value": "@pytest.mark.xfail(reason='Validation not yet implemented')"}, {"name": "tag", "value": "negative_test"}, {"name": "parentSuite", "value": "tests"}, {"name": "suite", "value": "test_posts"}, {"name": "host", "value": "DESKTOP-J0TB641"}, {"name": "thread", "value": "9736-MainThread"}, {"name": "framework", "value": "pytest"}, {"name": "language", "value": "cpython3"}, {"name": "package", "value": "tests.test_posts"}]}