{"name": "test_create_post_missing_title", "status": "skipped", "statusDetails": {"message": "XFAIL Validation not yet implemented\n\nAssertionError: Expected 400 or 422 for missing title\nassert 201 in [400, 422]\n +  where 201 = <Response [201]>.status_code", "trace": "api = <api.posts_api.PostsAPI object at 0x000002799E0967A0>\n\n    @pytest.mark.negative_test\n    @pytest.mark.xfail(reason=\"Validation not yet implemented\")\n    def test_create_post_missing_title(api):\n        payload = negative_data[\"missing_title\"]\n        res = api.create_post(payload)\n>       assert res.status_code in [400, 422], \"Expected 400 or 422 for missing title\"\nE       AssertionError: Expected 400 or 422 for missing title\nE       assert 201 in [400, 422]\nE        +  where 201 = <Response [201]>.status_code\n\ntests\\test_posts.py:76: AssertionError"}, "attachments": [{"name": "log", "source": "602f44b0-00c6-452b-bac4-83bf4470e05f-attachment.txt", "type": "text/plain"}, {"name": "stderr", "source": "75b2ef53-b188-4c07-b381-a5346db74c7c-attachment.txt", "type": "text/plain"}], "start": 1751386391057, "stop": 1751386391704, "uuid": "423d1362-5816-4ebd-86ff-0004e00559eb", "historyId": "c65523a3f7118a78ae9f6ff6fb7e6925", "testCaseId": "c65523a3f7118a78ae9f6ff6fb7e6925", "fullName": "tests.test_posts#test_create_post_missing_title", "labels": [{"name": "tag", "value": "@pytest.mark.xfail(reason='Validation not yet implemented')"}, {"name": "tag", "value": "negative_test"}, {"name": "parentSuite", "value": "tests"}, {"name": "suite", "value": "test_posts"}, {"name": "host", "value": "DESKTOP-J0TB641"}, {"name": "thread", "value": "3588-MainThread"}, {"name": "framework", "value": "pytest"}, {"name": "language", "value": "cpython3"}, {"name": "package", "value": "tests.test_posts"}]}