{"name": "test_create_post_missing_title", "status": "skipped", "statusDetails": {"message": "XFAIL Validation not yet implemented\n\nAssertionError: Expected 400 or 422 for missing title\nassert 201 in [400, 422]\n +  where 201 = <Response [201]>.status_code", "trace": "api = <api.posts_api.PostsAPI object at 0x000001EF8EC77A60>\n\n    @pytest.mark.negative_test\n    @pytest.mark.xfail(reason=\"Validation not yet implemented\")\n    def test_create_post_missing_title(api):\n        payload = negative_data[\"missing_title\"]\n        res = api.create_post(payload)\n>       assert res.status_code in [400, 422], \"Expected 400 or 422 for missing title\"\nE       AssertionError: Expected 400 or 422 for missing title\nE       assert 201 in [400, 422]\nE        +  where 201 = <Response [201]>.status_code\n\ntests\\test_posts.py:75: AssertionError"}, "attachments": [{"name": "log", "source": "8ce1039e-7d1a-4c0c-8dd6-77c78dcd1610-attachment.txt", "type": "text/plain"}, {"name": "stderr", "source": "364f7a1a-631f-4e21-8fe7-977a22cc5ebc-attachment.txt", "type": "text/plain"}], "start": 1751300556309, "stop": 1751300557046, "uuid": "ae1e5c17-a1c4-4d63-9f76-02cd09c4e1cc", "historyId": "c65523a3f7118a78ae9f6ff6fb7e6925", "testCaseId": "c65523a3f7118a78ae9f6ff6fb7e6925", "fullName": "tests.test_posts#test_create_post_missing_title", "labels": [{"name": "tag", "value": "@pytest.mark.xfail(reason='Validation not yet implemented')"}, {"name": "tag", "value": "negative_test"}, {"name": "parentSuite", "value": "tests"}, {"name": "suite", "value": "test_posts"}, {"name": "host", "value": "DESKTOP-J0TB641"}, {"name": "thread", "value": "4944-MainThread"}, {"name": "framework", "value": "pytest"}, {"name": "language", "value": "cpython3"}, {"name": "package", "value": "tests.test_posts"}]}