{"uid":"3296e480d00c464","name":"test_create_post_missing_title","fullName":"tests.test_posts#test_create_post_missing_title","historyId":"c65523a3f7118a78ae9f6ff6fb7e6925","time":{"start":1751376588295,"stop":1751376588523,"duration":228},"status":"failed","statusMessage":"AssertionError: Expected 400 or 422 for missing title\nassert 201 in [400, 422]\n +  where 201 = <Response [201]>.status_code","statusTrace":"api = <api.posts_api.PostsAPI object at 0x0000017AC82EEB90>\n\n    @pytest.mark.negative_test\n    #@pytest.mark.xfail(reason=\"Validation not yet implemented\")\n    def test_create_post_missing_title(api):\n        payload = negative_data[\"missing_title\"]\n        res = api.create_post(payload)\n>       assert res.status_code in [400, 422], \"Expected 400 or 422 for missing title\"\nE       AssertionError: Expected 400 or 422 for missing title\nE       assert 201 in [400, 422]\nE        +  where 201 = <Response [201]>.status_code\n\ntests\\test_posts.py:75: AssertionError","flaky":false,"newFailed":false,"newBroken":false,"newPassed":false,"retriesCount":0,"retriesStatusChange":false,"beforeStages":[{"name":"api","time":{"start":1751376585966,"stop":1751376585971,"duration":5},"status":"passed","steps":[],"attachments":[],"parameters":[],"stepsCount":0,"shouldDisplayMessage":false,"attachmentsCount":0,"hasContent":false,"attachmentStep":false}],"testStage":{"status":"failed","statusMessage":"AssertionError: Expected 400 or 422 for missing title\nassert 201 in [400, 422]\n +  where 201 = <Response [201]>.status_code","statusTrace":"api = <api.posts_api.PostsAPI object at 0x0000017AC82EEB90>\n\n    @pytest.mark.negative_test\n    #@pytest.mark.xfail(reason=\"Validation not yet implemented\")\n    def test_create_post_missing_title(api):\n        payload = negative_data[\"missing_title\"]\n        res = api.create_post(payload)\n>       assert res.status_code in [400, 422], \"Expected 400 or 422 for missing title\"\nE       AssertionError: Expected 400 or 422 for missing title\nE       assert 201 in [400, 422]\nE        +  where 201 = <Response [201]>.status_code\n\ntests\\test_posts.py:75: AssertionError","steps":[],"attachments":[{"uid":"ffbfdedd8f992ad1","name":"log","source":"ffbfdedd8f992ad1.txt","type":"text/plain","size":334},{"uid":"c9f6f6c9fb2e8f99","name":"stderr","source":"c9f6f6c9fb2e8f99.txt","type":"text/plain","size":220}],"parameters":[],"stepsCount":0,"shouldDisplayMessage":true,"attachmentsCount":2,"hasContent":true,"attachmentStep":false},"afterStages":[],"labels":[{"name":"tag","value":"negative_test"},{"name":"parentSuite","value":"tests"},{"name":"suite","value":"test_posts"},{"name":"host","value":"DESKTOP-J0TB641"},{"name":"thread","value":"11676-MainThread"},{"name":"framework","value":"pytest"},{"name":"language","value":"cpython3"},{"name":"package","value":"tests.test_posts"},{"name":"resultFormat","value":"allure2"}],"parameters":[],"links":[],"hidden":true,"retry":true,"extra":{"categories":[],"tags":["negative_test"]},"source":"3296e480d00c464.json","parameterValues":[]}