{"uid":"cb9e5d9a7af07e41","name":"test_create_post_missing_title","fullName":"tests.test_posts#test_create_post_missing_title","historyId":"c65523a3f7118a78ae9f6ff6fb7e6925","time":{"start":1751386232350,"stop":1751386233001,"duration":651},"status":"skipped","statusMessage":"XFAIL Validation not yet implemented\n\nAssertionError: Expected 400 or 422 for missing title\nassert 201 in [400, 422]\n +  where 201 = <Response [201]>.status_code","statusTrace":"api = <api.posts_api.PostsAPI object at 0x000001B7E6B7E080>\n\n    @pytest.mark.negative_test\n    @pytest.mark.xfail(reason=\"Validation not yet implemented\")\n    def test_create_post_missing_title(api):\n        payload = negative_data[\"missing_title\"]\n        res = api.create_post(payload)\n>       assert res.status_code in [400, 422], \"Expected 400 or 422 for missing title\"\nE       AssertionError: Expected 400 or 422 for missing title\nE       assert 201 in [400, 422]\nE        +  where 201 = <Response [201]>.status_code\n\ntests\\test_posts.py:76: AssertionError","flaky":false,"newFailed":false,"newBroken":false,"newPassed":false,"retriesCount":0,"retriesStatusChange":false,"beforeStages":[{"name":"api","time":{"start":1751386229901,"stop":1751386229927,"duration":26},"status":"passed","steps":[],"attachments":[],"parameters":[],"stepsCount":0,"shouldDisplayMessage":false,"attachmentsCount":0,"hasContent":false,"attachmentStep":false}],"testStage":{"status":"skipped","statusMessage":"XFAIL Validation not yet implemented\n\nAssertionError: Expected 400 or 422 for missing title\nassert 201 in [400, 422]\n +  where 201 = <Response [201]>.status_code","statusTrace":"api = <api.posts_api.PostsAPI object at 0x000001B7E6B7E080>\n\n    @pytest.mark.negative_test\n    @pytest.mark.xfail(reason=\"Validation not yet implemented\")\n    def test_create_post_missing_title(api):\n        payload = negative_data[\"missing_title\"]\n        res = api.create_post(payload)\n>       assert res.status_code in [400, 422], \"Expected 400 or 422 for missing title\"\nE       AssertionError: Expected 400 or 422 for missing title\nE       assert 201 in [400, 422]\nE        +  where 201 = <Response [201]>.status_code\n\ntests\\test_posts.py:76: AssertionError","steps":[],"attachments":[{"uid":"26499c320c7d78f7","name":"log","source":"26499c320c7d78f7.txt","type":"text/plain","size":334},{"uid":"6f9453f6c770ec02","name":"stderr","source":"6f9453f6c770ec02.txt","type":"text/plain","size":220}],"parameters":[],"stepsCount":0,"shouldDisplayMessage":true,"attachmentsCount":2,"hasContent":true,"attachmentStep":false},"afterStages":[],"labels":[{"name":"tag","value":"@pytest.mark.xfail(reason='Validation not yet implemented')"},{"name":"tag","value":"negative_test"},{"name":"parentSuite","value":"tests"},{"name":"suite","value":"test_posts"},{"name":"host","value":"DESKTOP-J0TB641"},{"name":"thread","value":"9736-MainThread"},{"name":"framework","value":"pytest"},{"name":"language","value":"cpython3"},{"name":"package","value":"tests.test_posts"},{"name":"resultFormat","value":"allure2"}],"parameters":[],"links":[],"hidden":true,"retry":true,"extra":{"categories":[],"tags":["@pytest.mark.xfail(reason='Validation not yet implemented')","negative_test"]},"source":"cb9e5d9a7af07e41.json","parameterValues":[]}