{"uid":"fc0894542125fca3","name":"test_create_post_missing_title","fullName":"tests.test_posts#test_create_post_missing_title","historyId":"c65523a3f7118a78ae9f6ff6fb7e6925","time":{"start":1751386391057,"stop":1751386391704,"duration":647},"status":"skipped","statusMessage":"XFAIL Validation not yet implemented\n\nAssertionError: Expected 400 or 422 for missing title\nassert 201 in [400, 422]\n +  where 201 = <Response [201]>.status_code","statusTrace":"api = <api.posts_api.PostsAPI object at 0x000002799E0967A0>\n\n    @pytest.mark.negative_test\n    @pytest.mark.xfail(reason=\"Validation not yet implemented\")\n    def test_create_post_missing_title(api):\n        payload = negative_data[\"missing_title\"]\n        res = api.create_post(payload)\n>       assert res.status_code in [400, 422], \"Expected 400 or 422 for missing title\"\nE       AssertionError: Expected 400 or 422 for missing title\nE       assert 201 in [400, 422]\nE        +  where 201 = <Response [201]>.status_code\n\ntests\\test_posts.py:76: AssertionError","flaky":false,"newFailed":false,"newBroken":false,"newPassed":false,"retriesCount":4,"retriesStatusChange":true,"beforeStages":[{"name":"api","time":{"start":1751386388431,"stop":1751386388434,"duration":3},"status":"passed","steps":[],"attachments":[],"parameters":[],"stepsCount":0,"shouldDisplayMessage":false,"attachmentsCount":0,"hasContent":false,"attachmentStep":false}],"testStage":{"status":"skipped","statusMessage":"XFAIL Validation not yet implemented\n\nAssertionError: Expected 400 or 422 for missing title\nassert 201 in [400, 422]\n +  where 201 = <Response [201]>.status_code","statusTrace":"api = <api.posts_api.PostsAPI object at 0x000002799E0967A0>\n\n    @pytest.mark.negative_test\n    @pytest.mark.xfail(reason=\"Validation not yet implemented\")\n    def test_create_post_missing_title(api):\n        payload = negative_data[\"missing_title\"]\n        res = api.create_post(payload)\n>       assert res.status_code in [400, 422], \"Expected 400 or 422 for missing title\"\nE       AssertionError: Expected 400 or 422 for missing title\nE       assert 201 in [400, 422]\nE        +  where 201 = <Response [201]>.status_code\n\ntests\\test_posts.py:76: AssertionError","steps":[],"attachments":[{"uid":"b25eaff1e61e5b4b","name":"log","source":"b25eaff1e61e5b4b.txt","type":"text/plain","size":334},{"uid":"9e9ce7641b601826","name":"stderr","source":"9e9ce7641b601826.txt","type":"text/plain","size":220}],"parameters":[],"stepsCount":0,"shouldDisplayMessage":true,"attachmentsCount":2,"hasContent":true,"attachmentStep":false},"afterStages":[],"labels":[{"name":"tag","value":"@pytest.mark.xfail(reason='Validation not yet implemented')"},{"name":"tag","value":"negative_test"},{"name":"parentSuite","value":"tests"},{"name":"suite","value":"test_posts"},{"name":"host","value":"DESKTOP-J0TB641"},{"name":"thread","value":"3588-MainThread"},{"name":"framework","value":"pytest"},{"name":"language","value":"cpython3"},{"name":"package","value":"tests.test_posts"},{"name":"resultFormat","value":"allure2"}],"parameters":[],"links":[],"hidden":false,"retry":false,"extra":{"severity":"normal","retries":[{"uid":"365bf99bfd545f22","status":"skipped","statusDetails":"XFAIL Validation not yet implemented\n\nAssertionError: Expected 400 or 422 for missing title\nassert 201 in [400, 422]\n +  where 201 = <Response [201]>.status_code","time":{"start":1751386232350,"stop":1751386233001,"duration":651}},{"uid":"f8037864a437da26","status":"skipped","statusDetails":"XFAIL Validation not yet implemented\n\nAssertionError: Expected 400 or 422 for missing title\nassert 201 in [400, 422]\n +  where 201 = <Response [201]>.status_code","time":{"start":1751377538962,"stop":1751377539201,"duration":239}},{"uid":"175bdd1357ad5512","status":"failed","statusDetails":"AssertionError: Expected 400 or 422 for missing title\nassert 201 in [400, 422]\n +  where 201 = <Response [201]>.status_code","time":{"start":1751376588295,"stop":1751376588523,"duration":228}},{"uid":"642ec73b4b0b0a0","status":"skipped","statusDetails":"XFAIL Validation not yet implemented\n\nAssertionError: Expected 400 or 422 for missing title\nassert 201 in [400, 422]\n +  where 201 = <Response [201]>.status_code","time":{"start":1751300556309,"stop":1751300557046,"duration":737}}],"categories":[],"tags":["@pytest.mark.xfail(reason='Validation not yet implemented')","negative_test"]},"source":"fc0894542125fca3.json","parameterValues":[]}